<?xml version="1.0" encoding="UTF-8"?>
<!-- Generated by org.testng.reporters.JUnitReportReporter -->
<testsuite hostname="LAPTOP-TK9RH53Q" failures="0" tests="1" name="GetTitle" time="48.434" errors="0" timestamp="08 Mar 2018 21:53:53 GMT" skipped="0">
  <testcase classname="GetTitle" name="getTitleCRM" time="48.434"/>
</testsuite> <!-- GetTitle -->
