<?xml version="1.0" encoding="UTF-8"?>
<!-- Generated by org.testng.reporters.JUnitReportReporter -->
<testsuite hostname="LAPTOP-TK9RH53Q" failures="0" tests="1" name="SeleniumWebDriverTestSamples.DropdowninTestNG" time="61.841" errors="0" timestamp="19 Feb 2018 06:22:10 GMT" skipped="0">
  <testcase classname="SeleniumWebDriverTestSamples.DropdowninTestNG" name="selectDropDownValues" time="61.841"/>
</testsuite> <!-- SeleniumWebDriverTestSamples.DropdowninTestNG -->
