<?xml version="1.0" encoding="UTF-8"?>
<!-- Generated by org.testng.reporters.JUnitReportReporter -->
<testsuite hostname="LAPTOP-TK9RH53Q" failures="0" tests="1" name="SeleniumWebDriverTestSamples.DropdownTesting" time="37.165" errors="0" timestamp="18 Feb 2018 23:01:00 GMT" skipped="0">
  <testcase classname="SeleniumWebDriverTestSamples.DropdownTesting" name="selectDropDownValues" time="37.165"/>
</testsuite> <!-- SeleniumWebDriverTestSamples.DropdownTesting -->
